-------------------------------------------------------------------------------
Test set: orders.OrdersAcceptTest
-------------------------------------------------------------------------------
Tests run: 6, Failures: 1, Errors: 0, Skipped: 0, Time elapsed: 21.547 s <<< FAILURE! - in orders.OrdersAcceptTest
shouldNotAcceptOrderWithoutOrderId(orders.OrdersAcceptTest)  Time elapsed: 3.091 s  <<< FAILURE!
java.lang.AssertionError: 
1 expectation failed.
Expected status code <400> but was <404>.

	at orders.OrdersAcceptTest.shouldNotAcceptOrderWithoutOrderId(OrdersAcceptTest.java:67)

